<?xml version="1.0" encoding="UTF-8"?>
<robot generator="Robot 3.2.2 (Python 3.9.0 on win32)" generated="20201206 19:53:19.986" rpa="false">
<suite id="s1" name="testPractice" source="C:\Users\Admin\Desktop\curso robot\tests\testPractice.robot">
<test id="s1-t1" name="Caso de Teste 01: Pesquisar produto existente">
<kw name="Abrir navegador" library="resources" type="setup">
<kw name="Open Browser" library="SeleniumLibrary">
<doc>Opens a new browser instance to the optional ``url``.</doc>
<arguments>
<arg>http://automationpractice.com</arg>
<arg>${BROWSER}</arg>
</arguments>
<msg timestamp="20201206 19:53:20.286" level="INFO">Opening browser 'chrome' to base url 'http://automationpractice.com'.</msg>
<status status="PASS" starttime="20201206 19:53:20.286" endtime="20201206 19:53:31.153"></status>
</kw>
<status status="PASS" starttime="20201206 19:53:20.285" endtime="20201206 19:53:31.153"></status>
</kw>
<kw name="Acessar Home do site" library="resources">
<kw name="Title Should Be" library="SeleniumLibrary">
<doc>Verifies that the current page title equals ``title``.</doc>
<arguments>
<arg>My Store</arg>
</arguments>
<msg timestamp="20201206 19:53:31.170" level="INFO">Page title is 'My Store'.</msg>
<status status="PASS" starttime="20201206 19:53:31.155" endtime="20201206 19:53:31.170"></status>
</kw>
<status status="PASS" starttime="20201206 19:53:31.155" endtime="20201206 19:53:31.170"></status>
</kw>
<kw name="Digitar o texto Blouse no campo de pesquisa" library="resources">
<kw name="Input Text" library="SeleniumLibrary">
<doc>Types the given ``text`` into the text field identified by ``locator``.</doc>
<arguments>
<arg>id=search_query_top</arg>
<arg>${PRODUTO}</arg>
</arguments>
<msg timestamp="20201206 19:53:31.171" level="INFO">Typing text 'Blouse' into text field 'id=search_query_top'.</msg>
<status status="PASS" starttime="20201206 19:53:31.171" endtime="20201206 19:53:31.327"></status>
</kw>
<status status="PASS" starttime="20201206 19:53:31.171" endtime="20201206 19:53:31.327"></status>
</kw>
<kw name="Clicar no botão pesquisar" library="resources">
<kw name="Click Element" library="SeleniumLibrary">
<doc>Click the element identified by ``locator``.</doc>
<arguments>
<arg>name=submit_search</arg>
</arguments>
<msg timestamp="20201206 19:53:31.329" level="INFO">Clicking element 'name=submit_search'.</msg>
<status status="PASS" starttime="20201206 19:53:31.329" endtime="20201206 19:53:31.453"></status>
</kw>
<status status="PASS" starttime="20201206 19:53:31.328" endtime="20201206 19:53:31.453"></status>
</kw>
<kw name="Conferir se o produto &quot;Blouse&quot; foi exibido" library="resources">
<kw name="Wait Until Element Is Visible" library="SeleniumLibrary">
<doc>Waits until the element ``locator`` is visible.</doc>
<arguments>
<arg>css=#center_column &gt; h1</arg>
</arguments>
<status status="PASS" starttime="20201206 19:53:31.458" endtime="20201206 19:53:32.757"></status>
</kw>
<kw name="Title Should Be" library="SeleniumLibrary">
<doc>Verifies that the current page title equals ``title``.</doc>
<arguments>
<arg>Search - My Store</arg>
</arguments>
<msg timestamp="20201206 19:53:32.762" level="INFO">Page title is 'Search - My Store'.</msg>
<status status="PASS" starttime="20201206 19:53:32.757" endtime="20201206 19:53:32.762"></status>
</kw>
<kw name="Page Should Contain Image" library="SeleniumLibrary">
<doc>Verifies image identified by ``locator`` is found from current page.</doc>
<arguments>
<arg>xpath=//*[@id="center_column"]//*[@src="http://automationpractice.com/img/p/7/7-home_default.jpg"]</arg>
</arguments>
<msg timestamp="20201206 19:53:32.783" level="INFO">Current page contains image 'xpath=//*[@id="center_column"]//*[@src="http://automationpractice.com/img/p/7/7-home_default.jpg"]'.</msg>
<status status="PASS" starttime="20201206 19:53:32.762" endtime="20201206 19:53:32.783"></status>
</kw>
<kw name="Page Should Contain Link" library="SeleniumLibrary">
<doc>Verifies link identified by ``locator`` is found from current page.</doc>
<arguments>
<arg>xpath=//*[@id="center_column"]//a[@class="product-name"][contains(text(),"${PRODUTO}")]</arg>
</arguments>
<msg timestamp="20201206 19:53:32.808" level="INFO">Current page contains link 'xpath=//*[@id="center_column"]//a[@class="product-name"][contains(text(),"Blouse")]'.</msg>
<status status="PASS" starttime="20201206 19:53:32.783" endtime="20201206 19:53:32.809"></status>
</kw>
<status status="PASS" starttime="20201206 19:53:31.458" endtime="20201206 19:53:32.809"></status>
</kw>
<kw name="Fechar navegador" library="resources" type="teardown">
<kw name="Close Browser" library="SeleniumLibrary">
<doc>Closes the current browser.</doc>
<status status="PASS" starttime="20201206 19:53:32.810" endtime="20201206 19:53:35.006"></status>
</kw>
<status status="PASS" starttime="20201206 19:53:32.810" endtime="20201206 19:53:35.007"></status>
</kw>
<status status="PASS" starttime="20201206 19:53:20.284" endtime="20201206 19:53:35.008" critical="yes"></status>
</test>
<test id="s1-t2" name="Caso de Teste 02: Pesquisar produto inexistente">
<kw name="Abrir navegador" library="resources" type="setup">
<kw name="Open Browser" library="SeleniumLibrary">
<doc>Opens a new browser instance to the optional ``url``.</doc>
<arguments>
<arg>http://automationpractice.com</arg>
<arg>${BROWSER}</arg>
</arguments>
<msg timestamp="20201206 19:53:35.018" level="INFO">Opening browser 'chrome' to base url 'http://automationpractice.com'.</msg>
<status status="PASS" starttime="20201206 19:53:35.017" endtime="20201206 19:53:45.425"></status>
</kw>
<status status="PASS" starttime="20201206 19:53:35.016" endtime="20201206 19:53:45.426"></status>
</kw>
<kw name="Acessar Home do site" library="resources">
<kw name="Title Should Be" library="SeleniumLibrary">
<doc>Verifies that the current page title equals ``title``.</doc>
<arguments>
<arg>My Store</arg>
</arguments>
<msg timestamp="20201206 19:53:45.440" level="INFO">Page title is 'My Store'.</msg>
<status status="PASS" starttime="20201206 19:53:45.427" endtime="20201206 19:53:45.440"></status>
</kw>
<status status="PASS" starttime="20201206 19:53:45.426" endtime="20201206 19:53:45.440"></status>
</kw>
<kw name="Digitar o texto itemNaoExistente no campo de pesquisa" library="resources">
<kw name="Input Text" library="SeleniumLibrary">
<doc>Types the given ``text`` into the text field identified by ``locator``.</doc>
<arguments>
<arg>id=search_query_top</arg>
<arg>${PRODUTO}</arg>
</arguments>
<msg timestamp="20201206 19:53:45.442" level="INFO">Typing text 'itemNaoExistente' into text field 'id=search_query_top'.</msg>
<status status="PASS" starttime="20201206 19:53:45.442" endtime="20201206 19:53:45.774"></status>
</kw>
<status status="PASS" starttime="20201206 19:53:45.441" endtime="20201206 19:53:45.774"></status>
</kw>
<kw name="Clicar no botão pesquisar" library="resources">
<kw name="Click Element" library="SeleniumLibrary">
<doc>Click the element identified by ``locator``.</doc>
<arguments>
<arg>name=submit_search</arg>
</arguments>
<msg timestamp="20201206 19:53:45.776" level="INFO">Clicking element 'name=submit_search'.</msg>
<status status="PASS" starttime="20201206 19:53:45.776" endtime="20201206 19:53:45.894"></status>
</kw>
<status status="PASS" starttime="20201206 19:53:45.775" endtime="20201206 19:53:45.894"></status>
</kw>
<kw name="Conferir se a página exibiu a mensagem 'No results found for your search &quot;itemNaoExistente&quot;" library="resources">
<kw name="Wait Until Element Is Visible" library="SeleniumLibrary">
<doc>Waits until the element ``locator`` is visible.</doc>
<arguments>
<arg>id=center_column</arg>
</arguments>
<status status="PASS" starttime="20201206 19:53:45.896" endtime="20201206 19:53:46.823"></status>
</kw>
<kw name="Title Should Be" library="SeleniumLibrary">
<doc>Verifies that the current page title equals ``title``.</doc>
<arguments>
<arg>Search - My Store</arg>
</arguments>
<msg timestamp="20201206 19:53:46.828" level="INFO">Page title is 'Search - My Store'.</msg>
<status status="PASS" starttime="20201206 19:53:46.824" endtime="20201206 19:53:46.828"></status>
</kw>
<kw name="Page Should Contain Element" library="SeleniumLibrary">
<doc>Verifies that element ``locator`` is found on the current page.</doc>
<arguments>
<arg>//*[@id="center_column"]/p[@class='alert alert-warning']</arg>
</arguments>
<msg timestamp="20201206 19:53:46.843" level="INFO">Current page contains element '//*[@id="center_column"]/p[@class='alert alert-warning']'.</msg>
<status status="PASS" starttime="20201206 19:53:46.828" endtime="20201206 19:53:46.843"></status>
</kw>
<kw name="Element Text Should Be" library="SeleniumLibrary">
<doc>Verifies that element ``locator`` contains exact the text ``expected``.</doc>
<arguments>
<arg>//*[@id="center_column"]/p[@class='alert alert-warning']</arg>
<arg>No results were found for your search "${PRODUTO}"</arg>
</arguments>
<msg timestamp="20201206 19:53:46.845" level="INFO">Verifying element '//*[@id="center_column"]/p[@class='alert alert-warning']' contains exact text 'No results were found for your search "itemNaoExistente"'.</msg>
<status status="PASS" starttime="20201206 19:53:46.844" endtime="20201206 19:53:46.907"></status>
</kw>
<status status="PASS" starttime="20201206 19:53:45.896" endtime="20201206 19:53:46.907"></status>
</kw>
<kw name="Fechar navegador" library="resources" type="teardown">
<kw name="Close Browser" library="SeleniumLibrary">
<doc>Closes the current browser.</doc>
<status status="PASS" starttime="20201206 19:53:46.909" endtime="20201206 19:53:49.169"></status>
</kw>
<status status="PASS" starttime="20201206 19:53:46.909" endtime="20201206 19:53:49.169"></status>
</kw>
<status status="PASS" starttime="20201206 19:53:35.012" endtime="20201206 19:53:49.170" critical="yes"></status>
</test>
<status status="PASS" starttime="20201206 19:53:19.989" endtime="20201206 19:53:49.184"></status>
</suite>
<statistics>
<total>
<stat pass="2" fail="0">Critical Tests</stat>
<stat pass="2" fail="0">All Tests</stat>
</total>
<tag>
</tag>
<suite>
<stat pass="2" fail="0" id="s1" name="testPractice">testPractice</stat>
</suite>
</statistics>
<errors>
</errors>
</robot>
